  [1m[35m (0.2ms)[0m  [1m[35mDROP DATABASE IF EXISTS "rails-1P-associations_development"[0m
  ↳ bin/rails:9
  [1m[35m (0.3ms)[0m  [1m[35mDROP DATABASE IF EXISTS "rails-1P-associations_test"[0m
  ↳ bin/rails:9
  [1m[35m (446.6ms)[0m  [1m[35mCREATE DATABASE "rails-1P-associations_development" ENCODING = 'unicode'[0m
  ↳ bin/rails:9
  [1m[35m (333.4ms)[0m  [1m[35mCREATE DATABASE "rails-1P-associations_test" ENCODING = 'unicode'[0m
  ↳ bin/rails:9
  [1m[35mSQL (0.7ms)[0m  [1m[35mCREATE EXTENSION IF NOT EXISTS "plpgsql"[0m
  ↳ db/schema.rb:16
  [1m[35m (1.3ms)[0m  [1m[35mDROP TABLE IF EXISTS "comments" CASCADE[0m
  ↳ db/schema.rb:18
  [1m[35m (14.2ms)[0m  [1m[35mCREATE TABLE "comments" ("id" bigserial primary key, "body" character varying NOT NULL, "video_id" integer NOT NULL, "parent_comment_id" integer, "created_at" timestamp NOT NULL, "updated_at" timestamp NOT NULL, "commenter_id" integer)[0m
  ↳ db/schema.rb:18
  [1m[35m (6.6ms)[0m  [1m[35mCREATE  INDEX  "index_comments_on_commenter_id" ON "comments"  ("commenter_id")[0m
  ↳ db/schema.rb:18
  [1m[35m (5.2ms)[0m  [1m[35mCREATE  INDEX  "index_comments_on_video_id" ON "comments"  ("video_id")[0m
  ↳ db/schema.rb:18
  [1m[35m (0.6ms)[0m  [1m[35mDROP TABLE IF EXISTS "likes" CASCADE[0m
  ↳ db/schema.rb:29
  [1m[35m (8.5ms)[0m  [1m[35mCREATE TABLE "likes" ("id" bigserial primary key, "liker_id" integer NOT NULL, "video_id" integer NOT NULL, "created_at" timestamp NOT NULL, "updated_at" timestamp NOT NULL)[0m
  ↳ db/schema.rb:29
  [1m[35m (6.4ms)[0m  [1m[35mCREATE  INDEX  "index_likes_on_liker_id" ON "likes"  ("liker_id")[0m
  ↳ db/schema.rb:29
  [1m[35m (4.6ms)[0m  [1m[35mCREATE UNIQUE INDEX  "index_likes_on_video_id_and_liker_id" ON "likes"  ("video_id", "liker_id")[0m
  ↳ db/schema.rb:29
  [1m[35m (0.3ms)[0m  [1m[35mDROP TABLE IF EXISTS "users" CASCADE[0m
  ↳ db/schema.rb:38
  [1m[35m (11.6ms)[0m  [1m[35mCREATE TABLE "users" ("id" bigserial primary key, "username" character varying NOT NULL, "password" character varying NOT NULL, "created_at" timestamp NOT NULL, "updated_at" timestamp NOT NULL)[0m
  ↳ db/schema.rb:38
  [1m[35m (0.4ms)[0m  [1m[35mDROP TABLE IF EXISTS "videos" CASCADE[0m
  ↳ db/schema.rb:45
  [1m[35m (13.5ms)[0m  [1m[35mCREATE TABLE "videos" ("id" bigserial primary key, "title" character varying NOT NULL, "description" text NOT NULL, "uploader_id" integer NOT NULL, "created_at" timestamp NOT NULL, "updated_at" timestamp NOT NULL)[0m
  ↳ db/schema.rb:45
  [1m[35m (4.6ms)[0m  [1m[35mCREATE  INDEX  "index_videos_on_uploader_id" ON "videos"  ("uploader_id")[0m
  ↳ db/schema.rb:45
  [1m[35m (9.5ms)[0m  [1m[35mCREATE TABLE "schema_migrations" ("version" character varying NOT NULL PRIMARY KEY)[0m
  ↳ db/schema.rb:13
  [1m[35m (0.7ms)[0m  [1m[34mSELECT "schema_migrations"."version" FROM "schema_migrations" ORDER BY "schema_migrations"."version" ASC[0m
  ↳ db/schema.rb:13
  [1m[35m (1.5ms)[0m  [1m[32mINSERT INTO "schema_migrations" (version) VALUES (20200125015338)[0m
  ↳ db/schema.rb:13
  [1m[35m (11.6ms)[0m  [1m[35mCREATE TABLE "ar_internal_metadata" ("key" character varying NOT NULL PRIMARY KEY, "value" character varying, "created_at" timestamp NOT NULL, "updated_at" timestamp NOT NULL)[0m
  ↳ db/schema.rb:13
  [1m[36mActiveRecord::InternalMetadata Load (0.8ms)[0m  [1m[34mSELECT  "ar_internal_metadata".* FROM "ar_internal_metadata" WHERE "ar_internal_metadata"."key" = $1 LIMIT $2[0m  [["key", "environment"], ["LIMIT", 1]]
  ↳ db/schema.rb:13
  [1m[35m (0.4ms)[0m  [1m[35mBEGIN[0m
  ↳ db/schema.rb:13
  [1m[36mActiveRecord::InternalMetadata Create (0.6ms)[0m  [1m[32mINSERT INTO "ar_internal_metadata" ("key", "value", "created_at", "updated_at") VALUES ($1, $2, $3, $4) RETURNING "key"[0m  [["key", "environment"], ["value", "development"], ["created_at", "2022-06-27 16:05:56.719710"], ["updated_at", "2022-06-27 16:05:56.719710"]]
  ↳ db/schema.rb:13
  [1m[35m (1.5ms)[0m  [1m[35mCOMMIT[0m
  ↳ db/schema.rb:13
  [1m[36mActiveRecord::InternalMetadata Load (0.4ms)[0m  [1m[34mSELECT  "ar_internal_metadata".* FROM "ar_internal_metadata" WHERE "ar_internal_metadata"."key" = $1 LIMIT $2[0m  [["key", "environment"], ["LIMIT", 1]]
  ↳ bin/rails:9
  [1m[35m (0.4ms)[0m  [1m[35mBEGIN[0m
  ↳ bin/rails:9
  [1m[35m (0.4ms)[0m  [1m[35mCOMMIT[0m
  ↳ bin/rails:9
  [1m[35mSQL (0.4ms)[0m  [1m[35mCREATE EXTENSION IF NOT EXISTS "plpgsql"[0m
  ↳ db/schema.rb:16
  [1m[35m (0.6ms)[0m  [1m[35mDROP TABLE IF EXISTS "comments" CASCADE[0m
  ↳ db/schema.rb:18
  [1m[35m (35.7ms)[0m  [1m[35mCREATE TABLE "comments" ("id" bigserial primary key, "body" character varying NOT NULL, "video_id" integer NOT NULL, "parent_comment_id" integer, "created_at" timestamp NOT NULL, "updated_at" timestamp NOT NULL, "commenter_id" integer)[0m
  ↳ db/schema.rb:18
  [1m[35m (5.0ms)[0m  [1m[35mCREATE  INDEX  "index_comments_on_commenter_id" ON "comments"  ("commenter_id")[0m
  ↳ db/schema.rb:18
  [1m[35m (4.9ms)[0m  [1m[35mCREATE  INDEX  "index_comments_on_video_id" ON "comments"  ("video_id")[0m
  ↳ db/schema.rb:18
  [1m[35m (0.4ms)[0m  [1m[35mDROP TABLE IF EXISTS "likes" CASCADE[0m
  ↳ db/schema.rb:29
  [1m[35m (6.3ms)[0m  [1m[35mCREATE TABLE "likes" ("id" bigserial primary key, "liker_id" integer NOT NULL, "video_id" integer NOT NULL, "created_at" timestamp NOT NULL, "updated_at" timestamp NOT NULL)[0m
  ↳ db/schema.rb:29
  [1m[35m (5.2ms)[0m  [1m[35mCREATE  INDEX  "index_likes_on_liker_id" ON "likes"  ("liker_id")[0m
  ↳ db/schema.rb:29
  [1m[35m (5.4ms)[0m  [1m[35mCREATE UNIQUE INDEX  "index_likes_on_video_id_and_liker_id" ON "likes"  ("video_id", "liker_id")[0m
  ↳ db/schema.rb:29
  [1m[35m (0.4ms)[0m  [1m[35mDROP TABLE IF EXISTS "users" CASCADE[0m
  ↳ db/schema.rb:38
  [1m[35m (9.3ms)[0m  [1m[35mCREATE TABLE "users" ("id" bigserial primary key, "username" character varying NOT NULL, "password" character varying NOT NULL, "created_at" timestamp NOT NULL, "updated_at" timestamp NOT NULL)[0m
  ↳ db/schema.rb:38
  [1m[35m (0.4ms)[0m  [1m[35mDROP TABLE IF EXISTS "videos" CASCADE[0m
  ↳ db/schema.rb:45
  [1m[35m (10.1ms)[0m  [1m[35mCREATE TABLE "videos" ("id" bigserial primary key, "title" character varying NOT NULL, "description" text NOT NULL, "uploader_id" integer NOT NULL, "created_at" timestamp NOT NULL, "updated_at" timestamp NOT NULL)[0m
  ↳ db/schema.rb:45
  [1m[35m (5.2ms)[0m  [1m[35mCREATE  INDEX  "index_videos_on_uploader_id" ON "videos"  ("uploader_id")[0m
  ↳ db/schema.rb:45
  [1m[35m (9.6ms)[0m  [1m[35mCREATE TABLE "schema_migrations" ("version" character varying NOT NULL PRIMARY KEY)[0m
  ↳ db/schema.rb:13
  [1m[35m (0.9ms)[0m  [1m[34mSELECT "schema_migrations"."version" FROM "schema_migrations" ORDER BY "schema_migrations"."version" ASC[0m
  ↳ db/schema.rb:13
  [1m[35m (2.0ms)[0m  [1m[32mINSERT INTO "schema_migrations" (version) VALUES (20200125015338)[0m
  ↳ db/schema.rb:13
  [1m[35m (10.2ms)[0m  [1m[35mCREATE TABLE "ar_internal_metadata" ("key" character varying NOT NULL PRIMARY KEY, "value" character varying, "created_at" timestamp NOT NULL, "updated_at" timestamp NOT NULL)[0m
  ↳ db/schema.rb:13
  [1m[36mActiveRecord::InternalMetadata Load (0.8ms)[0m  [1m[34mSELECT  "ar_internal_metadata".* FROM "ar_internal_metadata" WHERE "ar_internal_metadata"."key" = $1 LIMIT $2[0m  [["key", "environment"], ["LIMIT", 1]]
  ↳ db/schema.rb:13
  [1m[35m (0.3ms)[0m  [1m[35mBEGIN[0m
  ↳ db/schema.rb:13
  [1m[36mActiveRecord::InternalMetadata Create (0.5ms)[0m  [1m[32mINSERT INTO "ar_internal_metadata" ("key", "value", "created_at", "updated_at") VALUES ($1, $2, $3, $4) RETURNING "key"[0m  [["key", "environment"], ["value", "development"], ["created_at", "2022-06-27 16:05:56.891269"], ["updated_at", "2022-06-27 16:05:56.891269"]]
  ↳ db/schema.rb:13
  [1m[35m (2.0ms)[0m  [1m[35mCOMMIT[0m
  ↳ db/schema.rb:13
  [1m[36mActiveRecord::InternalMetadata Load (0.5ms)[0m  [1m[34mSELECT  "ar_internal_metadata".* FROM "ar_internal_metadata" WHERE "ar_internal_metadata"."key" = $1 LIMIT $2[0m  [["key", "environment"], ["LIMIT", 1]]
  ↳ bin/rails:9
  [1m[35m (0.3ms)[0m  [1m[35mBEGIN[0m
  ↳ bin/rails:9
  [1m[36mActiveRecord::InternalMetadata Update (0.8ms)[0m  [1m[33mUPDATE "ar_internal_metadata" SET "value" = $1, "updated_at" = $2 WHERE "ar_internal_metadata"."key" = $3[0m  [["value", "test"], ["updated_at", "2022-06-27 16:05:56.898579"], ["key", "environment"]]
  ↳ bin/rails:9
  [1m[35m (1.6ms)[0m  [1m[35mCOMMIT[0m
  ↳ bin/rails:9
  [1m[35m (0.5ms)[0m  [1m[34mSELECT "schema_migrations"."version" FROM "schema_migrations" ORDER BY "schema_migrations"."version" ASC[0m
  ↳ bin/rails:9
  [1m[35m (0.3ms)[0m  [1m[35mBEGIN[0m
  ↳ db/seeds.rb:13
  [1m[36mUser Destroy (0.7ms)[0m  [1m[31mDELETE FROM "users"[0m
  ↳ db/seeds.rb:14
  [1m[36mVideo Destroy (0.4ms)[0m  [1m[31mDELETE FROM "videos"[0m
  ↳ db/seeds.rb:15
  [1m[36mComment Destroy (0.4ms)[0m  [1m[31mDELETE FROM "comments"[0m
  ↳ db/seeds.rb:16
  [1m[36mLike Destroy (0.7ms)[0m  [1m[31mDELETE FROM "likes"[0m
  ↳ db/seeds.rb:17
  [1m[36mUser Create (0.8ms)[0m  [1m[32mINSERT INTO "users" ("id", "username", "password", "created_at", "updated_at") VALUES ($1, $2, $3, $4, $5) RETURNING "id"[0m  [["id", 15665], ["username", "cousin_gerald"], ["password", "hesadoctor"], ["created_at", "2022-06-27 16:05:56.948368"], ["updated_at", "2022-06-27 16:05:56.948368"]]
  ↳ db/seeds.rb:19
  [1m[36mUser Create (0.4ms)[0m  [1m[32mINSERT INTO "users" ("id", "username", "password", "created_at", "updated_at") VALUES ($1, $2, $3, $4, $5) RETURNING "id"[0m  [["id", 36033], ["username", "gillian"], ["password", "ballberie"], ["created_at", "2022-06-27 16:05:56.950302"], ["updated_at", "2022-06-27 16:05:56.950302"]]
  ↳ db/seeds.rb:25
  [1m[36mVideo Create (0.8ms)[0m  [1m[32mINSERT INTO "videos" ("id", "title", "description", "uploader_id", "created_at", "updated_at") VALUES ($1, $2, $3, $4, $5, $6) RETURNING "id"[0m  [["id", 93638], ["title", "The Less I Know the Better"], ["description", "Music by Australian band Tame Impala"], ["uploader_id", 15665], ["created_at", "2022-06-27 16:05:56.958782"], ["updated_at", "2022-06-27 16:05:56.958782"]]
  ↳ db/seeds.rb:31
  [1m[36mVideo Create (0.3ms)[0m  [1m[32mINSERT INTO "videos" ("id", "title", "description", "uploader_id", "created_at", "updated_at") VALUES ($1, $2, $3, $4, $5, $6) RETURNING "id"[0m  [["id", 55360], ["title", "Ball of Pizza"], ["description", "Eric brings pizza to the dojo"], ["uploader_id", 36033], ["created_at", "2022-06-27 16:05:56.961308"], ["updated_at", "2022-06-27 16:05:56.961308"]]
  ↳ db/seeds.rb:38
  [1m[36mComment Create (0.7ms)[0m  [1m[32mINSERT INTO "comments" ("id", "body", "video_id", "created_at", "updated_at", "commenter_id") VALUES ($1, $2, $3, $4, $5, $6) RETURNING "id"[0m  [["id", 64536], ["body", "first"], ["video_id", 93638], ["created_at", "2022-06-27 16:05:56.969702"], ["updated_at", "2022-06-27 16:05:56.969702"], ["commenter_id", 36033]]
  ↳ db/seeds.rb:45
  [1m[36mComment Create (0.4ms)[0m  [1m[32mINSERT INTO "comments" ("id", "body", "video_id", "parent_comment_id", "created_at", "updated_at", "commenter_id") VALUES ($1, $2, $3, $4, $5, $6, $7) RETURNING "id"[0m  [["id", 6802], ["body", "second"], ["video_id", 93638], ["parent_comment_id", 64536], ["created_at", "2022-06-27 16:05:56.971428"], ["updated_at", "2022-06-27 16:05:56.971428"], ["commenter_id", 15665]]
  ↳ db/seeds.rb:52
  [1m[36mLike Create (0.5ms)[0m  [1m[32mINSERT INTO "likes" ("id", "liker_id", "video_id", "created_at", "updated_at") VALUES ($1, $2, $3, $4, $5) RETURNING "id"[0m  [["id", 11698], ["liker_id", 36033], ["video_id", 93638], ["created_at", "2022-06-27 16:05:56.978738"], ["updated_at", "2022-06-27 16:05:56.978738"]]
  ↳ db/seeds.rb:60
  [1m[36mLike Create (0.4ms)[0m  [1m[32mINSERT INTO "likes" ("id", "liker_id", "video_id", "created_at", "updated_at") VALUES ($1, $2, $3, $4, $5) RETURNING "id"[0m  [["id", 44790], ["liker_id", 15665], ["video_id", 55360], ["created_at", "2022-06-27 16:05:56.980251"], ["updated_at", "2022-06-27 16:05:56.980251"]]
  ↳ db/seeds.rb:61
  [1m[35m (1.7ms)[0m  [1m[35mCOMMIT[0m
  ↳ db/seeds.rb:13
  [1m[35m (0.7ms)[0m  [1m[34mSELECT "schema_migrations"."version" FROM "schema_migrations" ORDER BY "schema_migrations"."version" ASC[0m
  ↳ bin/rails:9
  [1m[35m (0.4ms)[0m  [1m[34mSELECT "ar_internal_metadata"."value" FROM "ar_internal_metadata" WHERE "ar_internal_metadata"."key" = $1[0m  [["key", "environment"]]
  ↳ bin/rails:9
  [1m[35m (0.3ms)[0m  [1m[34mSELECT "schema_migrations"."version" FROM "schema_migrations" ORDER BY "schema_migrations"."version" ASC[0m
  ↳ bin/rails:9
  [1m[35m (0.3ms)[0m  [1m[34mSELECT "ar_internal_metadata"."value" FROM "ar_internal_metadata" WHERE "ar_internal_metadata"."key" = $1[0m  [["key", "environment"]]
  ↳ bin/rails:9
  [1m[35m (0.3ms)[0m  [1m[34mSELECT "schema_migrations"."version" FROM "schema_migrations" ORDER BY "schema_migrations"."version" ASC[0m
  ↳ bin/rails:9
  [1m[35m (0.3ms)[0m  [1m[34mSELECT "ar_internal_metadata"."value" FROM "ar_internal_metadata" WHERE "ar_internal_metadata"."key" = $1[0m  [["key", "environment"]]
  ↳ bin/rails:9
  [1m[35mSQL (0.4ms)[0m  [1m[35mCREATE EXTENSION IF NOT EXISTS "plpgsql"[0m
  ↳ db/schema.rb:16
  [1m[35m (44.1ms)[0m  [1m[35mDROP TABLE IF EXISTS "comments" CASCADE[0m
  ↳ db/schema.rb:18
  [1m[35m (10.9ms)[0m  [1m[35mCREATE TABLE "comments" ("id" bigserial primary key, "body" character varying NOT NULL, "video_id" integer NOT NULL, "parent_comment_id" integer, "created_at" timestamp NOT NULL, "updated_at" timestamp NOT NULL, "commenter_id" integer)[0m
  ↳ db/schema.rb:18
  [1m[35m (4.9ms)[0m  [1m[35mCREATE  INDEX  "index_comments_on_commenter_id" ON "comments"  ("commenter_id")[0m
  ↳ db/schema.rb:18
  [1m[35m (7.1ms)[0m  [1m[35mCREATE  INDEX  "index_comments_on_video_id" ON "comments"  ("video_id")[0m
  ↳ db/schema.rb:18
  [1m[35m (2.8ms)[0m  [1m[35mDROP TABLE IF EXISTS "likes" CASCADE[0m
  ↳ db/schema.rb:29
  [1m[35m (37.7ms)[0m  [1m[35mCREATE TABLE "likes" ("id" bigserial primary key, "liker_id" integer NOT NULL, "video_id" integer NOT NULL, "created_at" timestamp NOT NULL, "updated_at" timestamp NOT NULL)[0m
  ↳ db/schema.rb:29
  [1m[35m (5.0ms)[0m  [1m[35mCREATE  INDEX  "index_likes_on_liker_id" ON "likes"  ("liker_id")[0m
  ↳ db/schema.rb:29
  [1m[35m (4.4ms)[0m  [1m[35mCREATE UNIQUE INDEX  "index_likes_on_video_id_and_liker_id" ON "likes"  ("video_id", "liker_id")[0m
  ↳ db/schema.rb:29
  [1m[35m (2.6ms)[0m  [1m[35mDROP TABLE IF EXISTS "users" CASCADE[0m
  ↳ db/schema.rb:38
  [1m[35m (11.0ms)[0m  [1m[35mCREATE TABLE "users" ("id" bigserial primary key, "username" character varying NOT NULL, "password" character varying NOT NULL, "created_at" timestamp NOT NULL, "updated_at" timestamp NOT NULL)[0m
  ↳ db/schema.rb:38
  [1m[35m (3.4ms)[0m  [1m[35mDROP TABLE IF EXISTS "videos" CASCADE[0m
  ↳ db/schema.rb:45
  [1m[35m (13.8ms)[0m  [1m[35mCREATE TABLE "videos" ("id" bigserial primary key, "title" character varying NOT NULL, "description" text NOT NULL, "uploader_id" integer NOT NULL, "created_at" timestamp NOT NULL, "updated_at" timestamp NOT NULL)[0m
  ↳ db/schema.rb:45
  [1m[35m (5.2ms)[0m  [1m[35mCREATE  INDEX  "index_videos_on_uploader_id" ON "videos"  ("uploader_id")[0m
  ↳ db/schema.rb:45
  [1m[35m (0.8ms)[0m  [1m[34mSELECT "schema_migrations"."version" FROM "schema_migrations" ORDER BY "schema_migrations"."version" ASC[0m
  ↳ db/schema.rb:13
  [1m[36mActiveRecord::InternalMetadata Load (0.5ms)[0m  [1m[34mSELECT  "ar_internal_metadata".* FROM "ar_internal_metadata" WHERE "ar_internal_metadata"."key" = $1 LIMIT $2[0m  [["key", "environment"], ["LIMIT", 1]]
  ↳ db/schema.rb:13
  [1m[35m (0.5ms)[0m  [1m[35mBEGIN[0m
  ↳ db/schema.rb:13
  [1m[35m (0.4ms)[0m  [1m[35mCOMMIT[0m
  ↳ db/schema.rb:13
  [1m[36mActiveRecord::InternalMetadata Load (0.5ms)[0m  [1m[34mSELECT  "ar_internal_metadata".* FROM "ar_internal_metadata" WHERE "ar_internal_metadata"."key" = $1 LIMIT $2[0m  [["key", "environment"], ["LIMIT", 1]]
  ↳ bin/rails:9
  [1m[35m (0.3ms)[0m  [1m[35mBEGIN[0m
  ↳ bin/rails:9
  [1m[35m (0.2ms)[0m  [1m[35mCOMMIT[0m
  ↳ bin/rails:9
  [1m[35mSQL (0.8ms)[0m  [1m[35mCREATE EXTENSION IF NOT EXISTS "plpgsql"[0m
  ↳ db/schema.rb:16
  [1m[35m (3.7ms)[0m  [1m[35mDROP TABLE IF EXISTS "comments" CASCADE[0m
  ↳ db/schema.rb:18
  [1m[35m (12.9ms)[0m  [1m[35mCREATE TABLE "comments" ("id" bigserial primary key, "body" character varying NOT NULL, "video_id" integer NOT NULL, "parent_comment_id" integer, "created_at" timestamp NOT NULL, "updated_at" timestamp NOT NULL, "commenter_id" integer)[0m
  ↳ db/schema.rb:18
  [1m[35m (5.9ms)[0m  [1m[35mCREATE  INDEX  "index_comments_on_commenter_id" ON "comments"  ("commenter_id")[0m
  ↳ db/schema.rb:18
  [1m[35m (5.8ms)[0m  [1m[35mCREATE  INDEX  "index_comments_on_video_id" ON "comments"  ("video_id")[0m
  ↳ db/schema.rb:18
  [1m[35m (3.9ms)[0m  [1m[35mDROP TABLE IF EXISTS "likes" CASCADE[0m
  ↳ db/schema.rb:29
  [1m[35m (7.1ms)[0m  [1m[35mCREATE TABLE "likes" ("id" bigserial primary key, "liker_id" integer NOT NULL, "video_id" integer NOT NULL, "created_at" timestamp NOT NULL, "updated_at" timestamp NOT NULL)[0m
  ↳ db/schema.rb:29
  [1m[35m (4.9ms)[0m  [1m[35mCREATE  INDEX  "index_likes_on_liker_id" ON "likes"  ("liker_id")[0m
  ↳ db/schema.rb:29
  [1m[35m (4.2ms)[0m  [1m[35mCREATE UNIQUE INDEX  "index_likes_on_video_id_and_liker_id" ON "likes"  ("video_id", "liker_id")[0m
  ↳ db/schema.rb:29
  [1m[35m (3.1ms)[0m  [1m[35mDROP TABLE IF EXISTS "users" CASCADE[0m
  ↳ db/schema.rb:38
  [1m[35m (10.5ms)[0m  [1m[35mCREATE TABLE "users" ("id" bigserial primary key, "username" character varying NOT NULL, "password" character varying NOT NULL, "created_at" timestamp NOT NULL, "updated_at" timestamp NOT NULL)[0m
  ↳ db/schema.rb:38
  [1m[35m (3.0ms)[0m  [1m[35mDROP TABLE IF EXISTS "videos" CASCADE[0m
  ↳ db/schema.rb:45
  [1m[35m (11.4ms)[0m  [1m[35mCREATE TABLE "videos" ("id" bigserial primary key, "title" character varying NOT NULL, "description" text NOT NULL, "uploader_id" integer NOT NULL, "created_at" timestamp NOT NULL, "updated_at" timestamp NOT NULL)[0m
  ↳ db/schema.rb:45
  [1m[35m (7.2ms)[0m  [1m[35mCREATE  INDEX  "index_videos_on_uploader_id" ON "videos"  ("uploader_id")[0m
  ↳ db/schema.rb:45
  [1m[35m (0.8ms)[0m  [1m[34mSELECT "schema_migrations"."version" FROM "schema_migrations" ORDER BY "schema_migrations"."version" ASC[0m
  ↳ db/schema.rb:13
  [1m[36mActiveRecord::InternalMetadata Load (0.4ms)[0m  [1m[34mSELECT  "ar_internal_metadata".* FROM "ar_internal_metadata" WHERE "ar_internal_metadata"."key" = $1 LIMIT $2[0m  [["key", "environment"], ["LIMIT", 1]]
  ↳ db/schema.rb:13
  [1m[35m (0.3ms)[0m  [1m[35mBEGIN[0m
  ↳ db/schema.rb:13
  [1m[36mActiveRecord::InternalMetadata Update (0.6ms)[0m  [1m[33mUPDATE "ar_internal_metadata" SET "value" = $1, "updated_at" = $2 WHERE "ar_internal_metadata"."key" = $3[0m  [["value", "development"], ["updated_at", "2022-06-27 16:05:59.523146"], ["key", "environment"]]
  ↳ db/schema.rb:13
  [1m[35m (1.5ms)[0m  [1m[35mCOMMIT[0m
  ↳ db/schema.rb:13
  [1m[36mActiveRecord::InternalMetadata Load (0.7ms)[0m  [1m[34mSELECT  "ar_internal_metadata".* FROM "ar_internal_metadata" WHERE "ar_internal_metadata"."key" = $1 LIMIT $2[0m  [["key", "environment"], ["LIMIT", 1]]
  ↳ bin/rails:9
  [1m[35m (0.3ms)[0m  [1m[35mBEGIN[0m
  ↳ bin/rails:9
  [1m[36mActiveRecord::InternalMetadata Update (0.8ms)[0m  [1m[33mUPDATE "ar_internal_metadata" SET "value" = $1, "updated_at" = $2 WHERE "ar_internal_metadata"."key" = $3[0m  [["value", "test"], ["updated_at", "2022-06-27 16:05:59.531184"], ["key", "environment"]]
  ↳ bin/rails:9
  [1m[35m (1.6ms)[0m  [1m[35mCOMMIT[0m
  ↳ bin/rails:9
  [1m[35m (0.7ms)[0m  [1m[34mSELECT "schema_migrations"."version" FROM "schema_migrations" ORDER BY "schema_migrations"."version" ASC[0m
  ↳ bin/rails:9
  [1m[35m (0.3ms)[0m  [1m[35mBEGIN[0m
  ↳ db/seeds.rb:13
  [1m[36mUser Destroy (0.6ms)[0m  [1m[31mDELETE FROM "users"[0m
  ↳ db/seeds.rb:14
  [1m[36mVideo Destroy (0.8ms)[0m  [1m[31mDELETE FROM "videos"[0m
  ↳ db/seeds.rb:15
  [1m[36mComment Destroy (0.6ms)[0m  [1m[31mDELETE FROM "comments"[0m
  ↳ db/seeds.rb:16
  [1m[36mLike Destroy (0.5ms)[0m  [1m[31mDELETE FROM "likes"[0m
  ↳ db/seeds.rb:17
  [1m[36mUser Create (0.7ms)[0m  [1m[32mINSERT INTO "users" ("id", "username", "password", "created_at", "updated_at") VALUES ($1, $2, $3, $4, $5) RETURNING "id"[0m  [["id", 64876], ["username", "cousin_gerald"], ["password", "hesadoctor"], ["created_at", "2022-06-27 16:06:01.780154"], ["updated_at", "2022-06-27 16:06:01.780154"]]
  ↳ db/seeds.rb:19
  [1m[36mUser Create (0.4ms)[0m  [1m[32mINSERT INTO "users" ("id", "username", "password", "created_at", "updated_at") VALUES ($1, $2, $3, $4, $5) RETURNING "id"[0m  [["id", 39118], ["username", "gillian"], ["password", "ballberie"], ["created_at", "2022-06-27 16:06:01.782071"], ["updated_at", "2022-06-27 16:06:01.782071"]]
  ↳ db/seeds.rb:25
  [1m[36mVideo Create (1.2ms)[0m  [1m[32mINSERT INTO "videos" ("id", "title", "description", "uploader_id", "created_at", "updated_at") VALUES ($1, $2, $3, $4, $5, $6) RETURNING "id"[0m  [["id", 75556], ["title", "The Less I Know the Better"], ["description", "Music by Australian band Tame Impala"], ["uploader_id", 64876], ["created_at", "2022-06-27 16:06:01.791584"], ["updated_at", "2022-06-27 16:06:01.791584"]]
  ↳ db/seeds.rb:31
  [1m[36mVideo Create (0.4ms)[0m  [1m[32mINSERT INTO "videos" ("id", "title", "description", "uploader_id", "created_at", "updated_at") VALUES ($1, $2, $3, $4, $5, $6) RETURNING "id"[0m  [["id", 54408], ["title", "Ball of Pizza"], ["description", "Eric brings pizza to the dojo"], ["uploader_id", 39118], ["created_at", "2022-06-27 16:06:01.794863"], ["updated_at", "2022-06-27 16:06:01.794863"]]
  ↳ db/seeds.rb:38
  [1m[36mComment Create (0.6ms)[0m  [1m[32mINSERT INTO "comments" ("id", "body", "video_id", "created_at", "updated_at", "commenter_id") VALUES ($1, $2, $3, $4, $5, $6) RETURNING "id"[0m  [["id", 18629], ["body", "first"], ["video_id", 75556], ["created_at", "2022-06-27 16:06:01.805715"], ["updated_at", "2022-06-27 16:06:01.805715"], ["commenter_id", 39118]]
  ↳ db/seeds.rb:45
  [1m[36mComment Create (0.5ms)[0m  [1m[32mINSERT INTO "comments" ("id", "body", "video_id", "parent_comment_id", "created_at", "updated_at", "commenter_id") VALUES ($1, $2, $3, $4, $5, $6, $7) RETURNING "id"[0m  [["id", 45542], ["body", "second"], ["video_id", 75556], ["parent_comment_id", 18629], ["created_at", "2022-06-27 16:06:01.807951"], ["updated_at", "2022-06-27 16:06:01.807951"], ["commenter_id", 64876]]
  ↳ db/seeds.rb:52
  [1m[36mLike Create (0.6ms)[0m  [1m[32mINSERT INTO "likes" ("id", "liker_id", "video_id", "created_at", "updated_at") VALUES ($1, $2, $3, $4, $5) RETURNING "id"[0m  [["id", 25460], ["liker_id", 39118], ["video_id", 75556], ["created_at", "2022-06-27 16:06:01.816810"], ["updated_at", "2022-06-27 16:06:01.816810"]]
  ↳ db/seeds.rb:60
  [1m[36mLike Create (0.4ms)[0m  [1m[32mINSERT INTO "likes" ("id", "liker_id", "video_id", "created_at", "updated_at") VALUES ($1, $2, $3, $4, $5) RETURNING "id"[0m  [["id", 16610], ["liker_id", 64876], ["video_id", 54408], ["created_at", "2022-06-27 16:06:01.818556"], ["updated_at", "2022-06-27 16:06:01.818556"]]
  ↳ db/seeds.rb:61
  [1m[35m (1.4ms)[0m  [1m[35mCOMMIT[0m
  ↳ db/seeds.rb:13
